<?xml version="1.0" encoding="UTF-8"?>
<testsuite xmlns:xsi="http://www.w3.org/2001/XMLSchema-instance" xsi:noNamespaceSchemaLocation="https://maven.apache.org/surefire/maven-surefire-plugin/xsd/surefire-test-report-3.0.xsd" version="3.0" name="com.student.details.studentdetails.StudentDetailsApplicationTests" time="3.716" tests="1" errors="0" skipped="0" failures="0">
  <properties>
[...]
</properties>
  <testcase name="contextLoads" classname="com.student.details.studentdetails.StudentDetailsApplicationTests" time="0.921">
    <system-out><![CDATA[01:42:58.080 [main] INFO org.springframework.test.context.support.AnnotationConfigContextLoaderUtils -- Could not detect default configuration classes for test class [com.student.details.studentdetails.StudentDetailsApplicationTests]: StudentDetailsApplicationTests does not declare any static, non-private, non-final, nested classes annotated with @Configuration.
01:42:58.182 [main] INFO org.springframework.boot.test.context.SpringBootTestContextBootstrapper -- Found @SpringBootConfiguration com.student.details.studentdetails.StudentDetailsApplication for test class com.student.details.studentdetails.StudentDetailsApplicationTests

  .   ____          _            __ _ _
 /\\ / ___'_ __ _ _(_)_ __  __ _ \ \ \ \
( ( )\___ | '_ | '_| | '_ \/ _` | \ \ \ \
 \\/  ___)| |_)| | | | | || (_| |  ) ) ) )
  '  |____| .__|_| |_|_| |_\__, | / / / /
 =========|_|==============|___/=/_/_/_/
 :: Spring Boot ::                (v3.1.1)

2023-07-06T01:42:58.620+05:30  INFO 18996 --- [           main] c.s.d.s.StudentDetailsApplicationTests   : Starting StudentDetailsApplicationTests using Java 19.0.1 with PID 18996 (started by alex in C:\Users\alex\Desktop\SringBoot API Project\student-details)
2023-07-06T01:42:58.621+05:30  INFO 18996 --- [           main] c.s.d.s.StudentDetailsApplicationTests   : No active profile set, falling back to 1 default profile: "default"
2023-07-06T01:42:59.252+05:30  INFO 18996 --- [           main] .s.d.r.c.RepositoryConfigurationDelegate : Bootstrapping Spring Data MongoDB repositories in DEFAULT mode.
2023-07-06T01:42:59.300+05:30  INFO 18996 --- [           main] .s.d.r.c.RepositoryConfigurationDelegate : Finished Spring Data repository scanning in 43 ms. Found 1 MongoDB repository interfaces.
2023-07-06T01:42:59.896+05:30  INFO 18996 --- [           main] org.mongodb.driver.client                : MongoClient with metadata {"driver": {"name": "mongo-java-driver|sync|spring-boot", "version": "4.9.1"}, "os": {"type": "Windows", "name": "Windows 11", "architecture": "amd64", "version": "10.0"}, "platform": "Java/Oracle Corporation/19.0.1+10-21"} created with settings MongoClientSettings{readPreference=primary, writeConcern=WriteConcern{w=majority, wTimeout=null ms, journal=null}, retryWrites=true, retryReads=true, readConcern=ReadConcern{level=null}, credential=MongoCredential{mechanism=null, userName='azadchauhan012654', source='admin', password=<hidden>, mechanismProperties=<hidden>}, streamFactoryFactory=null, commandListeners=[], codecRegistry=ProvidersCodecRegistry{codecProviders=[ValueCodecProvider{}, BsonValueCodecProvider{}, DBRefCodecProvider{}, DBObjectCodecProvider{}, DocumentCodecProvider{}, CollectionCodecProvider{}, IterableCodecProvider{}, MapCodecProvider{}, GeoJsonCodecProvider{}, GridFSFileCodecProvider{}, Jsr310CodecProvider{}, JsonObjectCodecProvider{}, BsonCodecProvider{}, EnumCodecProvider{}, com.mongodb.client.model.mql.ExpressionCodecProvider@ceddaf8, com.mongodb.Jep395RecordCodecProvider@3d90eeb3]}, loggerSettings=LoggerSettings{maxDocumentLength=1000}, clusterSettings={hosts=[127.0.0.1:27017], srvHost=cluster0.mrpywc1.mongodb.net, srvServiceName=mongodb, mode=MULTIPLE, requiredClusterType=REPLICA_SET, requiredReplicaSetName='atlas-12srfi-shard-0', serverSelector='null', clusterListeners='[]', serverSelectionTimeout='30000 ms', localThreshold='30000 ms'}, socketSettings=SocketSettings{connectTimeoutMS=10000, readTimeoutMS=0, receiveBufferSize=0, sendBufferSize=0}, heartbeatSocketSettings=SocketSettings{connectTimeoutMS=10000, readTimeoutMS=10000, receiveBufferSize=0, sendBufferSize=0}, connectionPoolSettings=ConnectionPoolSettings{maxSize=100, minSize=0, maxWaitTimeMS=120000, maxConnectionLifeTimeMS=0, maxConnectionIdleTimeMS=0, maintenanceInitialDelayMS=0, maintenanceFrequencyMS=60000, connectionPoolListeners=[], maxConnecting=2}, serverSettings=ServerSettings{heartbeatFrequencyMS=10000, minHeartbeatFrequencyMS=500, serverListeners='[]', serverMonitorListeners='[]'}, sslSettings=SslSettings{enabled=true, invalidHostNameAllowed=false, context=null}, applicationName='null', compressorList=[], uuidRepresentation=JAVA_LEGACY, serverApi=null, autoEncryptionSettings=null, contextProvider=null}
2023-07-06T01:42:59.904+05:30  INFO 18996 --- [wc1.mongodb.net] org.mongodb.driver.cluster               : Adding discovered server ac-6iysocw-shard-00-01.mrpywc1.mongodb.net:27017 to client view of cluster
2023-07-06T01:42:59.932+05:30  INFO 18996 --- [wc1.mongodb.net] org.mongodb.driver.cluster               : Adding discovered server ac-6iysocw-shard-00-02.mrpywc1.mongodb.net:27017 to client view of cluster
2023-07-06T01:42:59.933+05:30  INFO 18996 --- [wc1.mongodb.net] org.mongodb.driver.cluster               : Adding discovered server ac-6iysocw-shard-00-00.mrpywc1.mongodb.net:27017 to client view of cluster
2023-07-06T01:43:00.696+05:30  INFO 18996 --- [           main] c.s.d.s.StudentDetailsApplicationTests   : Started StudentDetailsApplicationTests in 2.358 seconds (process running for 3.34)
2023-07-06T01:43:01.373+05:30  INFO 18996 --- [ngodb.net:27017] org.mongodb.driver.cluster               : Monitor thread successfully connected to server with description ServerDescription{address=ac-6iysocw-shard-00-00.mrpywc1.mongodb.net:27017, type=REPLICA_SET_SECONDARY, state=CONNECTED, ok=true, minWireVersion=0, maxWireVersion=17, maxDocumentSize=16777216, logicalSessionTimeoutMinutes=30, roundTripTimeNanos=734618200, setName='atlas-12srfi-shard-0', canonicalAddress=ac-6iysocw-shard-00-00.mrpywc1.mongodb.net:27017, hosts=[ac-6iysocw-shard-00-01.mrpywc1.mongodb.net:27017, ac-6iysocw-shard-00-02.mrpywc1.mongodb.net:27017, ac-6iysocw-shard-00-00.mrpywc1.mongodb.net:27017], passives=[], arbiters=[], primary='ac-6iysocw-shard-00-01.mrpywc1.mongodb.net:27017', tagSet=TagSet{[Tag{name='nodeType', value='ELECTABLE'}, Tag{name='provider', value='AWS'}, Tag{name='region', value='US_EAST_1'}, Tag{name='workloadType', value='OPERATIONAL'}]}, electionId=null, setVersion=11, topologyVersion=TopologyVersion{processId=64a43cb6aa3248568282561f, counter=9}, lastWriteDate=Thu Jul 06 01:51:01 IST 2023, lastUpdateTimeNanos=323959412321800}
2023-07-06T01:43:01.373+05:30  INFO 18996 --- [ngodb.net:27017] org.mongodb.driver.cluster               : Monitor thread successfully connected to server with description ServerDescription{address=ac-6iysocw-shard-00-01.mrpywc1.mongodb.net:27017, type=REPLICA_SET_PRIMARY, state=CONNECTED, ok=true, minWireVersion=0, maxWireVersion=17, maxDocumentSize=16777216, logicalSessionTimeoutMinutes=30, roundTripTimeNanos=720573600, setName='atlas-12srfi-shard-0', canonicalAddress=ac-6iysocw-shard-00-01.mrpywc1.mongodb.net:27017, hosts=[ac-6iysocw-shard-00-01.mrpywc1.mongodb.net:27017, ac-6iysocw-shard-00-02.mrpywc1.mongodb.net:27017, ac-6iysocw-shard-00-00.mrpywc1.mongodb.net:27017], passives=[], arbiters=[], primary='ac-6iysocw-shard-00-01.mrpywc1.mongodb.net:27017', tagSet=TagSet{[Tag{name='nodeType', value='ELECTABLE'}, Tag{name='provider', value='AWS'}, Tag{name='region', value='US_EAST_1'}, Tag{name='workloadType', value='OPERATIONAL'}]}, electionId=7fffffff00000000000000da, setVersion=11, topologyVersion=TopologyVersion{processId=64a43e104a7823edf62c07a4, counter=7}, lastWriteDate=Thu Jul 06 01:51:01 IST 2023, lastUpdateTimeNanos=323959408985800}
2023-07-06T01:43:01.373+05:30  INFO 18996 --- [ngodb.net:27017] org.mongodb.driver.cluster               : Monitor thread successfully connected to server with description ServerDescription{address=ac-6iysocw-shard-00-02.mrpywc1.mongodb.net:27017, type=REPLICA_SET_SECONDARY, state=CONNECTED, ok=true, minWireVersion=0, maxWireVersion=17, maxDocumentSize=16777216, logicalSessionTimeoutMinutes=30, roundTripTimeNanos=750403200, setName='atlas-12srfi-shard-0', canonicalAddress=ac-6iysocw-shard-00-02.mrpywc1.mongodb.net:27017, hosts=[ac-6iysocw-shard-00-01.mrpywc1.mongodb.net:27017, ac-6iysocw-shard-00-02.mrpywc1.mongodb.net:27017, ac-6iysocw-shard-00-00.mrpywc1.mongodb.net:27017], passives=[], arbiters=[], primary='ac-6iysocw-shard-00-01.mrpywc1.mongodb.net:27017', tagSet=TagSet{[Tag{name='nodeType', value='ELECTABLE'}, Tag{name='provider', value='AWS'}, Tag{name='region', value='US_EAST_1'}, Tag{name='workloadType', value='OPERATIONAL'}]}, electionId=null, setVersion=11, topologyVersion=TopologyVersion{processId=64a443903a7412d12a6f2ef8, counter=4}, lastWriteDate=Thu Jul 06 01:51:01 IST 2023, lastUpdateTimeNanos=323959410538200}
2023-07-06T01:43:01.378+05:30  INFO 18996 --- [ngodb.net:27017] org.mongodb.driver.cluster               : Discovered replica set primary ac-6iysocw-shard-00-01.mrpywc1.mongodb.net:27017 with max election id 7fffffff00000000000000da and max set version 11
]]></system-out>
  </testcase>
</testsuite>